C51 COMPILER V9.01   DIGITAL                                                               05/15/2021 22:13:12 PAGE 1   


C51 COMPILER V9.01, COMPILATION OF MODULE DIGITAL
OBJECT MODULE PLACED IN digital.OBJ
COMPILER INVOKED BY: C:\Users\12291\Desktop\新建文件夹\C51\BIN\C51.EXE digital.c LARGE ROM(COMPACT) BROWSE DEBUG OBJECTE
                    -XTEND

line level    source

   1          #include<reg51.h>
   2          #include"function.h"
   3          uchar  dxcode[10]={0xc0,0xf9,0xa4,0xb0,0x99,0x92,0x82,0xf8,0x80,0x90};
   4          
   5          
   6          #define dula P1
   7          sbit W1 = P2^5;
   8          sbit W2 = P2^6;
   9          
  10          
  11          
  12          //显示数字的函数
  13          void digital(uchar score){
  14   1         
  15   1      //    uchar j = 10;
  16   1      //    uchar i = 0;
  17   1      //       uchar count =0;
  18   1      
  19   1      
  20   1               W1 = 1;
  21   1               W2 = 0;
  22   1      
  23   1               dula = dxcode[score%10];
  24   1      
  25   1      
  26   1      }


MODULE INFORMATION:   STATIC OVERLAYABLE
   CODE SIZE        =     24    ----
   CONSTANT SIZE    =   ----    ----
   XDATA SIZE       =     10    ----
   PDATA SIZE       =   ----    ----
   DATA SIZE        =   ----    ----
   IDATA SIZE       =   ----    ----
   BIT SIZE         =   ----    ----
END OF MODULE INFORMATION.


C51 COMPILATION COMPLETE.  0 WARNING(S),  0 ERROR(S)
