C51 COMPILER V9.01   INTERRUPT                                                             05/11/2021 08:03:24 PAGE 1   


C51 COMPILER V9.01, COMPILATION OF MODULE INTERRUPT
OBJECT MODULE PLACED IN interrupt.OBJ
COMPILER INVOKED BY: C:\Users\12291\Desktop\新建文件夹\C51\BIN\C51.EXE interrupt.c BROWSE DEBUG OBJECTEXTEND

line level    source

   1          #include<reg51.h>
   2          #include"function.h"
   3          
   4          sbit LED = P1^0;
   5          
   6          void init()
   7          {
   8   1              
   9   1          SCON = 0x50;
  10   1          TMOD |= 0x20;
  11   1          TH1 = 253;
  12   1          TL1 = 253;
  13   1          TR1 = 1;
  14   1          REN = 1;
  15   1              ES = 1;
  16   1          EA = 1;
  17   1      
  18   1      }
  19          
  20          
  21          
  22          void scon() interrupt 4
  23          {
  24   1          if(RI)
  25   1          {
  26   2                  
  27   2              //      LED = ~LED;
  28   2              com = SBUF;
  29   2              RI = 0;
  30   2          }
  31   1      
  32   1      }
  33          void timer0_init(){
  34   1      
  35   1         TMOD |= 0X01;
  36   1         TH0 = (65536 - 45972)/256;
  37   1         TL0 = (65536 - 45872)%256;
  38   1         EA = 1;
  39   1         ET0 = 1;
  40   1         TR0 = 1;
  41   1      
  42   1      
  43   1      }
  44          
  45          
  46          void timer0()interrupt 1
  47          {
  48   1          
  49   1              TH0 = (65536 - 45972)/256;
  50   1          TL0 = (65536 - 45872)%256;
  51   1          num++;
  52   1              
  53   1              if(num == 40){
  54   2      
  55   2              num = 0;
C51 COMPILER V9.01   INTERRUPT                                                             05/11/2021 08:03:24 PAGE 2   

  56   2      //              enemy()
  57   2      
  58   2              }
  59   1      
  60   1      
  61   1      }


MODULE INFORMATION:   STATIC OVERLAYABLE
   CODE SIZE        =     90    ----
   CONSTANT SIZE    =   ----    ----
   XDATA SIZE       =   ----    ----
   PDATA SIZE       =   ----    ----
   DATA SIZE        =   ----    ----
   IDATA SIZE       =   ----    ----
   BIT SIZE         =   ----    ----
END OF MODULE INFORMATION.


C51 COMPILATION COMPLETE.  0 WARNING(S),  0 ERROR(S)
