C51 COMPILER V9.01   OWNER                                                                 05/08/2021 14:51:49 PAGE 1   


C51 COMPILER V9.01, COMPILATION OF MODULE OWNER
OBJECT MODULE PLACED IN owner.OBJ
COMPILER INVOKED BY: C:\Users\12291\Desktop\新建文件夹\C51\BIN\C51.EXE owner.c BROWSE DEBUG OBJECTEXTEND

line level    source

   1          #include <stdio.h>
   2          #include <reg51.h>
   3          sbit hao = P1^0;
   4          sbit neglect = P1^1;
   5          sbit upup = P1^2;
   6          sbit left = P1^3;
   7          sbit down = P1^4;
   8          sbit right = P1^5;
   9          void initex(){
  10   1              TMOD = 0x20;
  11   1              TH1 = 253;
  12   1              TL1 = 253;
  13   1              TR1 = 1;
  14   1              SM0 = 0;
  15   1              SM1 = 1;
  16   1              EA = 1;
  17   1              ES = 1;
  18   1      }
  19          void delay(unsigned int  z)
  20          {
  21   1              unsigned int  x,y;
  22   1              for(x = z; x > 0; x--)
  23   1                      for(y = 114; y > 0 ; y--);              
  24   1      } 
  25          void main(){
  26   1              initex();
  27   1              while(1){
  28   2                      if(hao == 0){
  29   3                              
  30   3                              delay (20);
  31   3                              if(hao == 0){
  32   4                                      
  33   4                                      while(!hao);
  34   4                                      
  35   4                                      SBUF = 0x08;
  36   4                              }
  37   3                      }
  38   2                      if(neglect == 0){
  39   3                              delay (20);
  40   3                              if(neglect == 0){
  41   4                                      while(!neglect);
  42   4                                      SBUF = 0x04;
  43   4                              }
  44   3                      }
  45   2                              if(upup == 0){
  46   3                              delay (20);
  47   3                              if(upup == 0){
  48   4                                      while(!upup);
  49   4                                      SBUF = 0x02;
  50   4                              }
  51   3                      }
  52   2                              if(left == 0){
  53   3                              delay (20);
  54   3                              if(left == 0){
  55   4                                      while(!left);
C51 COMPILER V9.01   OWNER                                                                 05/08/2021 14:51:49 PAGE 2   

  56   4                                      SBUF = 0x01;
  57   4                              }
  58   3                      }
  59   2                      if(down == 0){
  60   3                              delay (20);
  61   3                              if(down == 0){
  62   4                                      while(!down);
  63   4                                      SBUF = 0x0F;
  64   4                              }
  65   3                      }
  66   2                      if(right == 0){
  67   3                              
  68   3                              delay (20);
  69   3                              if(right == 0){
  70   4                                      
  71   4                                      while(!right);
  72   4                                      
  73   4                                      SBUF = 0x80;
  74   4                              }
  75   3                      }
  76   2      
  77   2          }
  78   1      }
  79          void USART_INTR() interrupt 4   //串口中断
  80          {
  81   1              if(TI == 1)
  82   1              {
  83   2                      TI = 0;
  84   2      
  85   2                      //Delay1s();
  86   2              }
  87   1      }
  88                  
  89                  


MODULE INFORMATION:   STATIC OVERLAYABLE
   CODE SIZE        =    155    ----
   CONSTANT SIZE    =   ----    ----
   XDATA SIZE       =   ----    ----
   PDATA SIZE       =   ----    ----
   DATA SIZE        =   ----    ----
   IDATA SIZE       =   ----    ----
   BIT SIZE         =   ----    ----
END OF MODULE INFORMATION.


C51 COMPILATION COMPLETE.  0 WARNING(S),  0 ERROR(S)
